[2024-12-14T15:20:18.514+0000] {manager.py:483} INFO - Processing files using up to 2 processes at a time 
[2024-12-14T15:20:18.514+0000] {manager.py:484} INFO - Process each file at most once every 30 seconds
[2024-12-14T15:20:18.515+0000] {manager.py:485} INFO - Checking for new files in /opt/airflow/dags every 300 seconds
[2024-12-14T15:20:18.516+0000] {manager.py:821} INFO - Searching for files in /opt/airflow/dags
[2024-12-14T15:20:18.517+0000] {manager.py:824} INFO - There are 1 files in /opt/airflow/dags
[2024-12-14T15:20:18.592+0000] {manager.py:997} INFO - 
================================================================================
DAG File Processing Stats

File Path                             PID  Runtime      # DAGs    # Errors  Last Runtime    Last Run      Last # of DB Queries
----------------------------------  -----  ---------  --------  ----------  --------------  ----------  ----------------------
/opt/airflow/dags/orchestra-dag.py    268  0.02s             0           0                                                   0
================================================================================
[2024-12-14T15:20:46.615+0000] {manager.py:997} INFO - 
================================================================================
DAG File Processing Stats

File Path                           PID    Runtime      # DAGs    # Errors  Last Runtime    Last Run               Last # of DB Queries
----------------------------------  -----  ---------  --------  ----------  --------------  -------------------  ----------------------
/opt/airflow/dags/orchestra-dag.py                           3           0  0.78s           2024-12-14T15:20:19                     114
================================================================================
[2024-12-14T15:21:15.054+0000] {manager.py:997} INFO - 
================================================================================
DAG File Processing Stats

File Path                           PID    Runtime      # DAGs    # Errors  Last Runtime    Last Run               Last # of DB Queries
----------------------------------  -----  ---------  --------  ----------  --------------  -------------------  ----------------------
/opt/airflow/dags/orchestra-dag.py                           3           0  0.22s           2024-12-14T15:20:49                      18
================================================================================
[2024-12-14T15:21:43.350+0000] {manager.py:997} INFO - 
================================================================================
DAG File Processing Stats

File Path                           PID    Runtime      # DAGs    # Errors  Last Runtime    Last Run               Last # of DB Queries
----------------------------------  -----  ---------  --------  ----------  --------------  -------------------  ----------------------
/opt/airflow/dags/orchestra-dag.py                           3           0  0.21s           2024-12-14T15:21:20                      18
================================================================================
[2024-12-14T15:22:11.789+0000] {manager.py:997} INFO - 
================================================================================
DAG File Processing Stats

File Path                           PID    Runtime      # DAGs    # Errors  Last Runtime    Last Run               Last # of DB Queries
----------------------------------  -----  ---------  --------  ----------  --------------  -------------------  ----------------------
/opt/airflow/dags/orchestra-dag.py                           3           0  0.35s           2024-12-14T15:21:50                      18
================================================================================
[2024-12-14T15:22:40.184+0000] {manager.py:997} INFO - 
================================================================================
DAG File Processing Stats

File Path                           PID    Runtime      # DAGs    # Errors  Last Runtime    Last Run               Last # of DB Queries
----------------------------------  -----  ---------  --------  ----------  --------------  -------------------  ----------------------
/opt/airflow/dags/orchestra-dag.py                           3           0  0.22s           2024-12-14T15:22:21                      18
================================================================================
[2024-12-14T15:23:08.475+0000] {manager.py:997} INFO - 
================================================================================
DAG File Processing Stats

File Path                           PID    Runtime      # DAGs    # Errors  Last Runtime    Last Run               Last # of DB Queries
----------------------------------  -----  ---------  --------  ----------  --------------  -------------------  ----------------------
/opt/airflow/dags/orchestra-dag.py                           3           0  0.17s           2024-12-14T15:22:51                      18
================================================================================
[2024-12-14T15:23:36.836+0000] {manager.py:997} INFO - 
================================================================================
DAG File Processing Stats

File Path                           PID    Runtime      # DAGs    # Errors  Last Runtime    Last Run               Last # of DB Queries
----------------------------------  -----  ---------  --------  ----------  --------------  -------------------  ----------------------
/opt/airflow/dags/orchestra-dag.py                           3           0  0.23s           2024-12-14T15:23:21                      18
================================================================================
[2024-12-14T15:24:05.195+0000] {manager.py:997} INFO - 
================================================================================
DAG File Processing Stats

File Path                           PID    Runtime      # DAGs    # Errors  Last Runtime    Last Run               Last # of DB Queries
----------------------------------  -----  ---------  --------  ----------  --------------  -------------------  ----------------------
/opt/airflow/dags/orchestra-dag.py                           3           0  0.22s           2024-12-14T15:23:52                      18
================================================================================
[2024-12-14T15:24:33.716+0000] {manager.py:997} INFO - 
================================================================================
DAG File Processing Stats

File Path                           PID    Runtime      # DAGs    # Errors  Last Runtime    Last Run               Last # of DB Queries
----------------------------------  -----  ---------  --------  ----------  --------------  -------------------  ----------------------
/opt/airflow/dags/orchestra-dag.py                           3           0  0.22s           2024-12-14T15:24:22                      18
================================================================================
[2024-12-14T15:25:01.738+0000] {manager.py:997} INFO - 
================================================================================
DAG File Processing Stats

File Path                           PID    Runtime      # DAGs    # Errors  Last Runtime    Last Run               Last # of DB Queries
----------------------------------  -----  ---------  --------  ----------  --------------  -------------------  ----------------------
/opt/airflow/dags/orchestra-dag.py                           3           0  0.76s           2024-12-14T15:24:53                      18
================================================================================
[2024-12-14T15:25:05.676+0000] {manager.py:465} INFO - Exiting gracefully upon receiving signal 15
[2024-12-14T15:25:57.861+0000] {manager.py:483} INFO - Processing files using up to 2 processes at a time 
[2024-12-14T15:25:57.862+0000] {manager.py:484} INFO - Process each file at most once every 30 seconds
[2024-12-14T15:25:57.862+0000] {manager.py:485} INFO - Checking for new files in /opt/airflow/dags every 300 seconds
[2024-12-14T15:25:57.862+0000] {manager.py:821} INFO - Searching for files in /opt/airflow/dags
[2024-12-14T15:25:57.864+0000] {manager.py:824} INFO - There are 1 files in /opt/airflow/dags
[2024-12-14T15:25:57.927+0000] {manager.py:997} INFO - 
================================================================================
DAG File Processing Stats

File Path                             PID  Runtime      # DAGs    # Errors  Last Runtime    Last Run      Last # of DB Queries
----------------------------------  -----  ---------  --------  ----------  --------------  ----------  ----------------------
/opt/airflow/dags/orchestra-dag.py    184  0.02s             0           0                                                   0
================================================================================
[2024-12-14T15:26:24.978+0000] {manager.py:997} INFO - 
================================================================================
DAG File Processing Stats

File Path                           PID    Runtime      # DAGs    # Errors  Last Runtime    Last Run               Last # of DB Queries
----------------------------------  -----  ---------  --------  ----------  --------------  -------------------  ----------------------
/opt/airflow/dags/orchestra-dag.py                           3           0  -1.11s          2024-12-14T15:25:56                      18
================================================================================
[2024-12-14T15:26:53.335+0000] {manager.py:997} INFO - 
================================================================================
DAG File Processing Stats

File Path                           PID    Runtime      # DAGs    # Errors  Last Runtime    Last Run               Last # of DB Queries
----------------------------------  -----  ---------  --------  ----------  --------------  -------------------  ----------------------
/opt/airflow/dags/orchestra-dag.py                           3           0  0.37s           2024-12-14T15:26:27                      18
================================================================================
[2024-12-14T15:27:21.261+0000] {manager.py:997} INFO - 
================================================================================
DAG File Processing Stats

File Path                           PID    Runtime      # DAGs    # Errors  Last Runtime    Last Run               Last # of DB Queries
----------------------------------  -----  ---------  --------  ----------  --------------  -------------------  ----------------------
/opt/airflow/dags/orchestra-dag.py                           3           0  0.37s           2024-12-14T15:26:58                      18
================================================================================
[2024-12-14T15:27:49.592+0000] {manager.py:997} INFO - 
================================================================================
DAG File Processing Stats

File Path                           PID    Runtime      # DAGs    # Errors  Last Runtime    Last Run               Last # of DB Queries
----------------------------------  -----  ---------  --------  ----------  --------------  -------------------  ----------------------
/opt/airflow/dags/orchestra-dag.py                           3           0  0.36s           2024-12-14T15:27:28                      18
================================================================================
[2024-12-14T15:28:17.903+0000] {manager.py:997} INFO - 
================================================================================
DAG File Processing Stats

File Path                           PID    Runtime      # DAGs    # Errors  Last Runtime    Last Run               Last # of DB Queries
----------------------------------  -----  ---------  --------  ----------  --------------  -------------------  ----------------------
/opt/airflow/dags/orchestra-dag.py                           3           0  0.29s           2024-12-14T15:27:59                      18
================================================================================
[2024-12-14T15:28:46.519+0000] {manager.py:997} INFO - 
================================================================================
DAG File Processing Stats

File Path                           PID    Runtime      # DAGs    # Errors  Last Runtime    Last Run               Last # of DB Queries
----------------------------------  -----  ---------  --------  ----------  --------------  -------------------  ----------------------
/opt/airflow/dags/orchestra-dag.py                           3           0  0.21s           2024-12-14T15:28:29                      18
================================================================================
[2024-12-14T15:29:15.008+0000] {manager.py:997} INFO - 
================================================================================
DAG File Processing Stats

File Path                           PID    Runtime      # DAGs    # Errors  Last Runtime    Last Run               Last # of DB Queries
----------------------------------  -----  ---------  --------  ----------  --------------  -------------------  ----------------------
/opt/airflow/dags/orchestra-dag.py                           3           0  0.20s           2024-12-14T15:28:59                      18
================================================================================
[2024-12-14T15:29:43.509+0000] {manager.py:997} INFO - 
================================================================================
DAG File Processing Stats

File Path                           PID    Runtime      # DAGs    # Errors  Last Runtime    Last Run               Last # of DB Queries
----------------------------------  -----  ---------  --------  ----------  --------------  -------------------  ----------------------
/opt/airflow/dags/orchestra-dag.py                           3           0  0.22s           2024-12-14T15:29:30                      18
================================================================================
[2024-12-14T15:30:11.892+0000] {manager.py:997} INFO - 
================================================================================
DAG File Processing Stats

File Path                           PID    Runtime      # DAGs    # Errors  Last Runtime    Last Run               Last # of DB Queries
----------------------------------  -----  ---------  --------  ----------  --------------  -------------------  ----------------------
/opt/airflow/dags/orchestra-dag.py                           3           0  0.26s           2024-12-14T15:30:00                      18
================================================================================
[2024-12-14T15:30:40.280+0000] {manager.py:997} INFO - 
================================================================================
DAG File Processing Stats

File Path                           PID    Runtime      # DAGs    # Errors  Last Runtime    Last Run               Last # of DB Queries
----------------------------------  -----  ---------  --------  ----------  --------------  -------------------  ----------------------
/opt/airflow/dags/orchestra-dag.py                           3           0  1.30s           2024-12-14T15:30:32                      18
================================================================================
[2024-12-14T15:30:58.536+0000] {manager.py:821} INFO - Searching for files in /opt/airflow/dags
[2024-12-14T15:30:58.538+0000] {manager.py:824} INFO - There are 1 files in /opt/airflow/dags
[2024-12-14T15:31:08.301+0000] {manager.py:997} INFO - 
================================================================================
DAG File Processing Stats

File Path                           PID    Runtime      # DAGs    # Errors  Last Runtime    Last Run               Last # of DB Queries
----------------------------------  -----  ---------  --------  ----------  --------------  -------------------  ----------------------
/opt/airflow/dags/orchestra-dag.py                           3           0  0.61s           2024-12-14T15:31:03                      18
================================================================================
[2024-12-14T15:31:36.992+0000] {manager.py:997} INFO - 
================================================================================
DAG File Processing Stats

File Path                           PID    Runtime      # DAGs    # Errors  Last Runtime    Last Run               Last # of DB Queries
----------------------------------  -----  ---------  --------  ----------  --------------  -------------------  ----------------------
/opt/airflow/dags/orchestra-dag.py                           3           0  -0.31s          2024-12-14T15:31:33                      18
================================================================================
[2024-12-14T15:32:05.088+0000] {manager.py:997} INFO - 
================================================================================
DAG File Processing Stats

File Path                           PID    Runtime      # DAGs    # Errors  Last Runtime    Last Run               Last # of DB Queries
----------------------------------  -----  ---------  --------  ----------  --------------  -------------------  ----------------------
/opt/airflow/dags/orchestra-dag.py                           3           0  0.57s           2024-12-14T15:32:03                      18
================================================================================
[2024-12-14T15:32:33.373+0000] {manager.py:997} INFO - 
================================================================================
DAG File Processing Stats

File Path                           PID    Runtime      # DAGs    # Errors  Last Runtime    Last Run               Last # of DB Queries
----------------------------------  -----  ---------  --------  ----------  --------------  -------------------  ----------------------
/opt/airflow/dags/orchestra-dag.py                           3           0  0.57s           2024-12-14T15:32:03                      18
================================================================================
[2024-12-14T15:33:01.831+0000] {manager.py:997} INFO - 
================================================================================
DAG File Processing Stats

File Path                           PID    Runtime      # DAGs    # Errors  Last Runtime    Last Run               Last # of DB Queries
----------------------------------  -----  ---------  --------  ----------  --------------  -------------------  ----------------------
/opt/airflow/dags/orchestra-dag.py                           3           0  0.23s           2024-12-14T15:32:34                      18
================================================================================
[2024-12-14T15:33:30.167+0000] {manager.py:997} INFO - 
================================================================================
DAG File Processing Stats

File Path                           PID    Runtime      # DAGs    # Errors  Last Runtime    Last Run               Last # of DB Queries
----------------------------------  -----  ---------  --------  ----------  --------------  -------------------  ----------------------
/opt/airflow/dags/orchestra-dag.py                           3           0  0.28s           2024-12-14T15:33:05                      18
================================================================================
[2024-12-14T15:33:58.684+0000] {manager.py:997} INFO - 
================================================================================
DAG File Processing Stats

File Path                           PID    Runtime      # DAGs    # Errors  Last Runtime    Last Run               Last # of DB Queries
----------------------------------  -----  ---------  --------  ----------  --------------  -------------------  ----------------------
/opt/airflow/dags/orchestra-dag.py                           3           0  0.24s           2024-12-14T15:33:35                      18
================================================================================
[2024-12-14T15:34:26.968+0000] {manager.py:997} INFO - 
================================================================================
DAG File Processing Stats

File Path                           PID    Runtime      # DAGs    # Errors  Last Runtime    Last Run               Last # of DB Queries
----------------------------------  -----  ---------  --------  ----------  --------------  -------------------  ----------------------
/opt/airflow/dags/orchestra-dag.py                           3           0  0.38s           2024-12-14T15:34:06                      18
================================================================================
[2024-12-14T15:34:54.909+0000] {manager.py:997} INFO - 
================================================================================
DAG File Processing Stats

File Path                           PID    Runtime      # DAGs    # Errors  Last Runtime    Last Run               Last # of DB Queries
----------------------------------  -----  ---------  --------  ----------  --------------  -------------------  ----------------------
/opt/airflow/dags/orchestra-dag.py                           3           0  0.33s           2024-12-14T15:34:36                      18
================================================================================
[2024-12-14T15:35:23.208+0000] {manager.py:997} INFO - 
================================================================================
DAG File Processing Stats

File Path                           PID    Runtime      # DAGs    # Errors  Last Runtime    Last Run               Last # of DB Queries
----------------------------------  -----  ---------  --------  ----------  --------------  -------------------  ----------------------
/opt/airflow/dags/orchestra-dag.py                           3           0  0.22s           2024-12-14T15:35:07                      18
================================================================================
[2024-12-14T15:35:51.487+0000] {manager.py:997} INFO - 
================================================================================
DAG File Processing Stats

File Path                           PID    Runtime      # DAGs    # Errors  Last Runtime    Last Run               Last # of DB Queries
----------------------------------  -----  ---------  --------  ----------  --------------  -------------------  ----------------------
/opt/airflow/dags/orchestra-dag.py                           3           0  0.19s           2024-12-14T15:35:37                      18
================================================================================
[2024-12-14T15:35:58.557+0000] {manager.py:821} INFO - Searching for files in /opt/airflow/dags
[2024-12-14T15:35:58.559+0000] {manager.py:824} INFO - There are 1 files in /opt/airflow/dags
[2024-12-14T15:36:19.898+0000] {manager.py:997} INFO - 
================================================================================
DAG File Processing Stats

File Path                           PID    Runtime      # DAGs    # Errors  Last Runtime    Last Run               Last # of DB Queries
----------------------------------  -----  ---------  --------  ----------  --------------  -------------------  ----------------------
/opt/airflow/dags/orchestra-dag.py                           3           0  0.26s           2024-12-14T15:36:07                      18
================================================================================
[2024-12-14T15:36:48.304+0000] {manager.py:997} INFO - 
================================================================================
DAG File Processing Stats

File Path                           PID    Runtime      # DAGs    # Errors  Last Runtime    Last Run               Last # of DB Queries
----------------------------------  -----  ---------  --------  ----------  --------------  -------------------  ----------------------
/opt/airflow/dags/orchestra-dag.py                           3           0  0.23s           2024-12-14T15:36:38                      18
================================================================================
[2024-12-14T15:37:16.670+0000] {manager.py:997} INFO - 
================================================================================
DAG File Processing Stats

File Path                           PID    Runtime      # DAGs    # Errors  Last Runtime    Last Run               Last # of DB Queries
----------------------------------  -----  ---------  --------  ----------  --------------  -------------------  ----------------------
/opt/airflow/dags/orchestra-dag.py                           3           0  0.24s           2024-12-14T15:37:08                      18
================================================================================
[2024-12-14T15:37:45.056+0000] {manager.py:997} INFO - 
================================================================================
DAG File Processing Stats

File Path                           PID    Runtime      # DAGs    # Errors  Last Runtime    Last Run               Last # of DB Queries
----------------------------------  -----  ---------  --------  ----------  --------------  -------------------  ----------------------
/opt/airflow/dags/orchestra-dag.py                           3           0  0.22s           2024-12-14T15:37:39                      18
================================================================================
[2024-12-14T15:38:13.349+0000] {manager.py:997} INFO - 
================================================================================
DAG File Processing Stats

File Path                           PID    Runtime      # DAGs    # Errors  Last Runtime    Last Run               Last # of DB Queries
----------------------------------  -----  ---------  --------  ----------  --------------  -------------------  ----------------------
/opt/airflow/dags/orchestra-dag.py                           3           0  0.22s           2024-12-14T15:38:09                      18
================================================================================
[2024-12-14T15:38:41.837+0000] {manager.py:997} INFO - 
================================================================================
DAG File Processing Stats

File Path                           PID    Runtime      # DAGs    # Errors  Last Runtime    Last Run               Last # of DB Queries
----------------------------------  -----  ---------  --------  ----------  --------------  -------------------  ----------------------
/opt/airflow/dags/orchestra-dag.py                           3           0  0.26s           2024-12-14T15:38:39                      18
================================================================================
[2024-12-14T15:39:10.085+0000] {manager.py:997} INFO - 
================================================================================
DAG File Processing Stats

File Path                             PID  Runtime      # DAGs    # Errors  Last Runtime    Last Run               Last # of DB Queries
----------------------------------  -----  ---------  --------  ----------  --------------  -------------------  ----------------------
/opt/airflow/dags/orchestra-dag.py    375  0.01s             3           0  0.26s           2024-12-14T15:38:39                      18
================================================================================
[2024-12-14T15:39:38.382+0000] {manager.py:997} INFO - 
================================================================================
DAG File Processing Stats

File Path                           PID    Runtime      # DAGs    # Errors  Last Runtime    Last Run               Last # of DB Queries
----------------------------------  -----  ---------  --------  ----------  --------------  -------------------  ----------------------
/opt/airflow/dags/orchestra-dag.py                           3           0  0.23s           2024-12-14T15:39:10                      18
================================================================================
[2024-12-14T15:40:06.877+0000] {manager.py:997} INFO - 
================================================================================
DAG File Processing Stats

File Path                           PID    Runtime      # DAGs    # Errors  Last Runtime    Last Run               Last # of DB Queries
----------------------------------  -----  ---------  --------  ----------  --------------  -------------------  ----------------------
/opt/airflow/dags/orchestra-dag.py                           3           0  0.24s           2024-12-14T15:39:40                      18
================================================================================
[2024-12-14T15:40:35.181+0000] {manager.py:997} INFO - 
================================================================================
DAG File Processing Stats

File Path                           PID    Runtime      # DAGs    # Errors  Last Runtime    Last Run               Last # of DB Queries
----------------------------------  -----  ---------  --------  ----------  --------------  -------------------  ----------------------
/opt/airflow/dags/orchestra-dag.py                           3           0  0.24s           2024-12-14T15:40:11                      18
================================================================================
[2024-12-14T15:40:58.583+0000] {manager.py:821} INFO - Searching for files in /opt/airflow/dags
[2024-12-14T15:40:58.587+0000] {manager.py:824} INFO - There are 1 files in /opt/airflow/dags
[2024-12-14T15:41:03.664+0000] {manager.py:997} INFO - 
================================================================================
DAG File Processing Stats

File Path                           PID    Runtime      # DAGs    # Errors  Last Runtime    Last Run               Last # of DB Queries
----------------------------------  -----  ---------  --------  ----------  --------------  -------------------  ----------------------
/opt/airflow/dags/orchestra-dag.py                           3           0  0.24s           2024-12-14T15:40:41                      18
================================================================================
[2024-12-14T15:41:31.887+0000] {manager.py:997} INFO - 
================================================================================
DAG File Processing Stats

File Path                           PID    Runtime      # DAGs    # Errors  Last Runtime    Last Run               Last # of DB Queries
----------------------------------  -----  ---------  --------  ----------  --------------  -------------------  ----------------------
/opt/airflow/dags/orchestra-dag.py                           3           0  0.18s           2024-12-14T15:41:11                      18
================================================================================
[2024-12-14T15:42:00.434+0000] {manager.py:997} INFO - 
================================================================================
DAG File Processing Stats

File Path                           PID    Runtime      # DAGs    # Errors  Last Runtime    Last Run               Last # of DB Queries
----------------------------------  -----  ---------  --------  ----------  --------------  -------------------  ----------------------
/opt/airflow/dags/orchestra-dag.py                           3           0  0.25s           2024-12-14T15:41:42                      18
================================================================================
[2024-12-14T15:42:28.740+0000] {manager.py:997} INFO - 
================================================================================
DAG File Processing Stats

File Path                           PID    Runtime      # DAGs    # Errors  Last Runtime    Last Run               Last # of DB Queries
----------------------------------  -----  ---------  --------  ----------  --------------  -------------------  ----------------------
/opt/airflow/dags/orchestra-dag.py                           3           0  0.23s           2024-12-14T15:42:12                      18
================================================================================
[2024-12-14T15:42:57.212+0000] {manager.py:997} INFO - 
================================================================================
DAG File Processing Stats

File Path                           PID    Runtime      # DAGs    # Errors  Last Runtime    Last Run               Last # of DB Queries
----------------------------------  -----  ---------  --------  ----------  --------------  -------------------  ----------------------
/opt/airflow/dags/orchestra-dag.py                           3           0  0.21s           2024-12-14T15:42:43                      18
================================================================================
[2024-12-14T15:43:25.560+0000] {manager.py:997} INFO - 
================================================================================
DAG File Processing Stats

File Path                           PID    Runtime      # DAGs    # Errors  Last Runtime    Last Run               Last # of DB Queries
----------------------------------  -----  ---------  --------  ----------  --------------  -------------------  ----------------------
/opt/airflow/dags/orchestra-dag.py                           3           0  0.23s           2024-12-14T15:43:13                      18
================================================================================
[2024-12-14T15:43:53.825+0000] {manager.py:997} INFO - 
================================================================================
DAG File Processing Stats

File Path                           PID    Runtime      # DAGs    # Errors  Last Runtime    Last Run               Last # of DB Queries
----------------------------------  -----  ---------  --------  ----------  --------------  -------------------  ----------------------
/opt/airflow/dags/orchestra-dag.py                           3           0  0.22s           2024-12-14T15:43:43                      18
================================================================================
[2024-12-14T15:44:22.289+0000] {manager.py:997} INFO - 
================================================================================
DAG File Processing Stats

File Path                           PID    Runtime      # DAGs    # Errors  Last Runtime    Last Run               Last # of DB Queries
----------------------------------  -----  ---------  --------  ----------  --------------  -------------------  ----------------------
/opt/airflow/dags/orchestra-dag.py                           3           0  0.23s           2024-12-14T15:44:14                      18
================================================================================
[2024-12-14T15:44:50.575+0000] {manager.py:997} INFO - 
================================================================================
DAG File Processing Stats

File Path                           PID    Runtime      # DAGs    # Errors  Last Runtime    Last Run               Last # of DB Queries
----------------------------------  -----  ---------  --------  ----------  --------------  -------------------  ----------------------
/opt/airflow/dags/orchestra-dag.py                           3           0  0.22s           2024-12-14T15:44:44                      18
================================================================================
[2024-12-14T15:45:19.062+0000] {manager.py:997} INFO - 
================================================================================
DAG File Processing Stats

File Path                           PID    Runtime      # DAGs    # Errors  Last Runtime    Last Run               Last # of DB Queries
----------------------------------  -----  ---------  --------  ----------  --------------  -------------------  ----------------------
/opt/airflow/dags/orchestra-dag.py                           3           0  0.25s           2024-12-14T15:45:15                      18
================================================================================
[2024-12-14T15:45:47.397+0000] {manager.py:997} INFO - 
================================================================================
DAG File Processing Stats

File Path                           PID    Runtime      # DAGs    # Errors  Last Runtime    Last Run               Last # of DB Queries
----------------------------------  -----  ---------  --------  ----------  --------------  -------------------  ----------------------
/opt/airflow/dags/orchestra-dag.py                           3           0  0.33s           2024-12-14T15:45:45                      18
================================================================================
[2024-12-14T15:45:58.806+0000] {manager.py:821} INFO - Searching for files in /opt/airflow/dags
[2024-12-14T15:45:58.808+0000] {manager.py:824} INFO - There are 1 files in /opt/airflow/dags
[2024-12-14T15:46:15.636+0000] {manager.py:997} INFO - 
================================================================================
DAG File Processing Stats

File Path                           PID    Runtime      # DAGs    # Errors  Last Runtime    Last Run               Last # of DB Queries
----------------------------------  -----  ---------  --------  ----------  --------------  -------------------  ----------------------
/opt/airflow/dags/orchestra-dag.py                           3           0  0.33s           2024-12-14T15:45:45                      18
================================================================================
[2024-12-14T15:46:29.089+0000] {manager.py:465} INFO - Exiting gracefully upon receiving signal 15
[2024-12-14T15:48:23.417+0000] {manager.py:483} INFO - Processing files using up to 2 processes at a time 
[2024-12-14T15:48:23.419+0000] {manager.py:484} INFO - Process each file at most once every 30 seconds
[2024-12-14T15:48:23.420+0000] {manager.py:485} INFO - Checking for new files in /opt/airflow/dags every 300 seconds
[2024-12-14T15:48:23.420+0000] {manager.py:821} INFO - Searching for files in /opt/airflow/dags
[2024-12-14T15:48:23.421+0000] {manager.py:824} INFO - There are 1 files in /opt/airflow/dags
[2024-12-14T15:48:23.648+0000] {manager.py:997} INFO - 
================================================================================
DAG File Processing Stats

File Path                             PID  Runtime      # DAGs    # Errors  Last Runtime    Last Run      Last # of DB Queries
----------------------------------  -----  ---------  --------  ----------  --------------  ----------  ----------------------
/opt/airflow/dags/orchestra-dag.py    184  0.09s             0           0                                                   0
================================================================================
[2024-12-14T15:48:30.893+0000] {manager.py:465} INFO - Exiting gracefully upon receiving signal 15
[2024-12-14T15:48:55.633+0000] {manager.py:483} INFO - Processing files using up to 2 processes at a time 
[2024-12-14T15:48:55.635+0000] {manager.py:484} INFO - Process each file at most once every 30 seconds
[2024-12-14T15:48:55.635+0000] {manager.py:485} INFO - Checking for new files in /opt/airflow/dags every 300 seconds
[2024-12-14T15:48:55.635+0000] {manager.py:821} INFO - Searching for files in /opt/airflow/dags
[2024-12-14T15:48:55.636+0000] {manager.py:824} INFO - There are 1 files in /opt/airflow/dags
[2024-12-14T15:48:55.723+0000] {manager.py:997} INFO - 
================================================================================
DAG File Processing Stats

File Path                             PID  Runtime      # DAGs    # Errors  Last Runtime    Last Run      Last # of DB Queries
----------------------------------  -----  ---------  --------  ----------  --------------  ----------  ----------------------
/opt/airflow/dags/orchestra-dag.py    184  0.03s             0           0                                                   0
================================================================================
[2024-12-14T15:49:23.883+0000] {manager.py:997} INFO - 
================================================================================
DAG File Processing Stats

File Path                           PID    Runtime      # DAGs    # Errors  Last Runtime    Last Run               Last # of DB Queries
----------------------------------  -----  ---------  --------  ----------  --------------  -------------------  ----------------------
/opt/airflow/dags/orchestra-dag.py                           3           0  0.24s           2024-12-14T15:48:55                      18
================================================================================
[2024-12-14T15:49:52.427+0000] {manager.py:997} INFO - 
================================================================================
DAG File Processing Stats

File Path                           PID    Runtime      # DAGs    # Errors  Last Runtime    Last Run               Last # of DB Queries
----------------------------------  -----  ---------  --------  ----------  --------------  -------------------  ----------------------
/opt/airflow/dags/orchestra-dag.py                           3           0  0.31s           2024-12-14T15:49:26                      18
================================================================================
[2024-12-14T15:50:20.649+0000] {manager.py:997} INFO - 
================================================================================
DAG File Processing Stats

File Path                           PID    Runtime      # DAGs    # Errors  Last Runtime    Last Run               Last # of DB Queries
----------------------------------  -----  ---------  --------  ----------  --------------  -------------------  ----------------------
/opt/airflow/dags/orchestra-dag.py                           3           0  0.20s           2024-12-14T15:49:56                      18
================================================================================
[2024-12-14T15:50:49.049+0000] {manager.py:997} INFO - 
================================================================================
DAG File Processing Stats

File Path                           PID    Runtime      # DAGs    # Errors  Last Runtime    Last Run               Last # of DB Queries
----------------------------------  -----  ---------  --------  ----------  --------------  -------------------  ----------------------
/opt/airflow/dags/orchestra-dag.py                           3           0  0.51s           2024-12-14T15:50:27                      18
================================================================================
[2024-12-14T15:51:17.083+0000] {manager.py:997} INFO - 
================================================================================
DAG File Processing Stats

File Path                           PID    Runtime      # DAGs    # Errors  Last Runtime    Last Run               Last # of DB Queries
----------------------------------  -----  ---------  --------  ----------  --------------  -------------------  ----------------------
/opt/airflow/dags/orchestra-dag.py                           3           0  0.58s           2024-12-14T15:50:58                      18
================================================================================
[2024-12-14T15:51:45.228+0000] {manager.py:997} INFO - 
================================================================================
DAG File Processing Stats

File Path                           PID    Runtime      # DAGs    # Errors  Last Runtime    Last Run               Last # of DB Queries
----------------------------------  -----  ---------  --------  ----------  --------------  -------------------  ----------------------
/opt/airflow/dags/orchestra-dag.py                           3           0  0.24s           2024-12-14T15:51:28                      18
================================================================================
[2024-12-14T15:52:13.649+0000] {manager.py:997} INFO - 
================================================================================
DAG File Processing Stats

File Path                           PID    Runtime      # DAGs    # Errors  Last Runtime    Last Run               Last # of DB Queries
----------------------------------  -----  ---------  --------  ----------  --------------  -------------------  ----------------------
/opt/airflow/dags/orchestra-dag.py                           3           0  0.37s           2024-12-14T15:51:58                      18
================================================================================
[2024-12-14T15:52:42.181+0000] {manager.py:997} INFO - 
================================================================================
DAG File Processing Stats

File Path                           PID    Runtime      # DAGs    # Errors  Last Runtime    Last Run               Last # of DB Queries
----------------------------------  -----  ---------  --------  ----------  --------------  -------------------  ----------------------
/opt/airflow/dags/orchestra-dag.py                           3           0  0.26s           2024-12-14T15:52:29                      18
================================================================================
[2024-12-14T15:53:10.658+0000] {manager.py:997} INFO - 
================================================================================
DAG File Processing Stats

File Path                           PID    Runtime      # DAGs    # Errors  Last Runtime    Last Run               Last # of DB Queries
----------------------------------  -----  ---------  --------  ----------  --------------  -------------------  ----------------------
/opt/airflow/dags/orchestra-dag.py                           3           0  0.41s           2024-12-14T15:52:59                      18
================================================================================
[2024-12-14T15:53:38.618+0000] {manager.py:997} INFO - 
================================================================================
DAG File Processing Stats

File Path                           PID    Runtime      # DAGs    # Errors  Last Runtime    Last Run               Last # of DB Queries
----------------------------------  -----  ---------  --------  ----------  --------------  -------------------  ----------------------
/opt/airflow/dags/orchestra-dag.py                           3           0  2.46s           2024-12-14T15:53:32                      18
================================================================================
[2024-12-14T15:53:55.762+0000] {manager.py:821} INFO - Searching for files in /opt/airflow/dags
[2024-12-14T15:53:55.763+0000] {manager.py:824} INFO - There are 1 files in /opt/airflow/dags
[2024-12-14T15:54:06.685+0000] {manager.py:997} INFO - 
================================================================================
DAG File Processing Stats

File Path                           PID    Runtime      # DAGs    # Errors  Last Runtime    Last Run               Last # of DB Queries
----------------------------------  -----  ---------  --------  ----------  --------------  -------------------  ----------------------
/opt/airflow/dags/orchestra-dag.py                           3           0  0.82s           2024-12-14T15:54:03                      18
================================================================================
[2024-12-14T15:54:34.831+0000] {manager.py:997} INFO - 
================================================================================
DAG File Processing Stats

File Path                           PID    Runtime      # DAGs    # Errors  Last Runtime    Last Run               Last # of DB Queries
----------------------------------  -----  ---------  --------  ----------  --------------  -------------------  ----------------------
/opt/airflow/dags/orchestra-dag.py                           3           0  0.59s           2024-12-14T15:54:34                      18
================================================================================
[2024-12-14T15:55:02.970+0000] {manager.py:997} INFO - 
================================================================================
DAG File Processing Stats

File Path                           PID    Runtime      # DAGs    # Errors  Last Runtime    Last Run               Last # of DB Queries
----------------------------------  -----  ---------  --------  ----------  --------------  -------------------  ----------------------
/opt/airflow/dags/orchestra-dag.py                           3           0  0.59s           2024-12-14T15:54:34                      18
================================================================================
[2024-12-14T15:55:31.124+0000] {manager.py:997} INFO - 
================================================================================
DAG File Processing Stats

File Path                           PID    Runtime      # DAGs    # Errors  Last Runtime    Last Run               Last # of DB Queries
----------------------------------  -----  ---------  --------  ----------  --------------  -------------------  ----------------------
/opt/airflow/dags/orchestra-dag.py                           3           0  0.30s           2024-12-14T15:55:05                      18
================================================================================
[2024-12-14T15:55:59.510+0000] {manager.py:997} INFO - 
================================================================================
DAG File Processing Stats

File Path                           PID    Runtime      # DAGs    # Errors  Last Runtime    Last Run               Last # of DB Queries
----------------------------------  -----  ---------  --------  ----------  --------------  -------------------  ----------------------
/opt/airflow/dags/orchestra-dag.py                           3           0  0.24s           2024-12-14T15:55:35                      18
================================================================================
[2024-12-14T15:56:27.946+0000] {manager.py:997} INFO - 
================================================================================
DAG File Processing Stats

File Path                           PID    Runtime      # DAGs    # Errors  Last Runtime    Last Run               Last # of DB Queries
----------------------------------  -----  ---------  --------  ----------  --------------  -------------------  ----------------------
/opt/airflow/dags/orchestra-dag.py                           3           0  0.27s           2024-12-14T15:56:05                      18
================================================================================
[2024-12-14T15:56:56.137+0000] {manager.py:997} INFO - 
================================================================================
DAG File Processing Stats

File Path                           PID    Runtime      # DAGs    # Errors  Last Runtime    Last Run               Last # of DB Queries
----------------------------------  -----  ---------  --------  ----------  --------------  -------------------  ----------------------
/opt/airflow/dags/orchestra-dag.py                           3           0  0.43s           2024-12-14T15:56:36                      18
================================================================================
[2024-12-14T15:57:24.234+0000] {manager.py:997} INFO - 
================================================================================
DAG File Processing Stats

File Path                           PID    Runtime      # DAGs    # Errors  Last Runtime    Last Run               Last # of DB Queries
----------------------------------  -----  ---------  --------  ----------  --------------  -------------------  ----------------------
/opt/airflow/dags/orchestra-dag.py                           3           0  0.47s           2024-12-14T15:57:07                      18
================================================================================
[2024-12-14T15:57:52.451+0000] {manager.py:997} INFO - 
================================================================================
DAG File Processing Stats

File Path                           PID    Runtime      # DAGs    # Errors  Last Runtime    Last Run               Last # of DB Queries
----------------------------------  -----  ---------  --------  ----------  --------------  -------------------  ----------------------
/opt/airflow/dags/orchestra-dag.py                           3           0  0.23s           2024-12-14T15:57:37                      18
================================================================================
[2024-12-14T15:58:20.972+0000] {manager.py:997} INFO - 
================================================================================
DAG File Processing Stats

File Path                           PID    Runtime      # DAGs    # Errors  Last Runtime    Last Run               Last # of DB Queries
----------------------------------  -----  ---------  --------  ----------  --------------  -------------------  ----------------------
/opt/airflow/dags/orchestra-dag.py                           3           0  0.26s           2024-12-14T15:58:08                      18
================================================================================
[2024-12-14T15:58:49.309+0000] {manager.py:997} INFO - 
================================================================================
DAG File Processing Stats

File Path                           PID    Runtime      # DAGs    # Errors  Last Runtime    Last Run               Last # of DB Queries
----------------------------------  -----  ---------  --------  ----------  --------------  -------------------  ----------------------
/opt/airflow/dags/orchestra-dag.py                           3           0  0.24s           2024-12-14T15:58:38                      18
================================================================================
[2024-12-14T15:58:56.379+0000] {manager.py:821} INFO - Searching for files in /opt/airflow/dags
[2024-12-14T15:58:56.382+0000] {manager.py:824} INFO - There are 1 files in /opt/airflow/dags
[2024-12-14T15:59:17.797+0000] {manager.py:997} INFO - 
================================================================================
DAG File Processing Stats

File Path                           PID    Runtime      # DAGs    # Errors  Last Runtime    Last Run               Last # of DB Queries
----------------------------------  -----  ---------  --------  ----------  --------------  -------------------  ----------------------
/opt/airflow/dags/orchestra-dag.py                           3           0  0.22s           2024-12-14T15:59:08                      18
================================================================================
[2024-12-14T15:59:46.085+0000] {manager.py:997} INFO - 
================================================================================
DAG File Processing Stats

File Path                           PID    Runtime      # DAGs    # Errors  Last Runtime    Last Run               Last # of DB Queries
----------------------------------  -----  ---------  --------  ----------  --------------  -------------------  ----------------------
/opt/airflow/dags/orchestra-dag.py                           3           0  0.20s           2024-12-14T15:59:39                      18
================================================================================
[2024-12-14T16:00:14.476+0000] {manager.py:997} INFO - 
================================================================================
DAG File Processing Stats

File Path                           PID    Runtime      # DAGs    # Errors  Last Runtime    Last Run               Last # of DB Queries
----------------------------------  -----  ---------  --------  ----------  --------------  -------------------  ----------------------
/opt/airflow/dags/orchestra-dag.py                           3           0  0.20s           2024-12-14T16:00:09                      18
================================================================================
[2024-12-14T16:00:42.757+0000] {manager.py:997} INFO - 
================================================================================
DAG File Processing Stats

File Path                           PID    Runtime      # DAGs    # Errors  Last Runtime    Last Run               Last # of DB Queries
----------------------------------  -----  ---------  --------  ----------  --------------  -------------------  ----------------------
/opt/airflow/dags/orchestra-dag.py                           3           0  0.16s           2024-12-14T16:00:39                      18
================================================================================
[2024-12-14T16:00:50.206+0000] {manager.py:465} INFO - Exiting gracefully upon receiving signal 15
[2024-12-14T16:02:16.903+0000] {manager.py:483} INFO - Processing files using up to 2 processes at a time 
[2024-12-14T16:02:16.904+0000] {manager.py:484} INFO - Process each file at most once every 30 seconds
[2024-12-14T16:02:16.905+0000] {manager.py:485} INFO - Checking for new files in /opt/airflow/dags every 300 seconds
[2024-12-14T16:02:16.906+0000] {manager.py:821} INFO - Searching for files in /opt/airflow/dags
[2024-12-14T16:02:16.908+0000] {manager.py:824} INFO - There are 1 files in /opt/airflow/dags
[2024-12-14T16:02:16.997+0000] {manager.py:997} INFO - 
================================================================================
DAG File Processing Stats

File Path                             PID  Runtime      # DAGs    # Errors  Last Runtime    Last Run      Last # of DB Queries
----------------------------------  -----  ---------  --------  ----------  --------------  ----------  ----------------------
/opt/airflow/dags/orchestra-dag.py    184  0.03s             0           0                                                   0
================================================================================
[2024-12-14T16:02:45.228+0000] {manager.py:997} INFO - 
================================================================================
DAG File Processing Stats

File Path                           PID    Runtime      # DAGs    # Errors  Last Runtime    Last Run               Last # of DB Queries
----------------------------------  -----  ---------  --------  ----------  --------------  -------------------  ----------------------
/opt/airflow/dags/orchestra-dag.py                           3           0  0.26s           2024-12-14T16:02:17                      18
================================================================================
[2024-12-14T16:03:13.811+0000] {manager.py:997} INFO - 
================================================================================
DAG File Processing Stats

File Path                           PID    Runtime      # DAGs    # Errors  Last Runtime    Last Run               Last # of DB Queries
----------------------------------  -----  ---------  --------  ----------  --------------  -------------------  ----------------------
/opt/airflow/dags/orchestra-dag.py                           3           0  0.25s           2024-12-14T16:02:47                      18
================================================================================
